#
# There is insufficient memory for the Java Runtime Environment to continue.
# Native memory allocation (malloc) failed to allocate 429456 bytes for Chunk::new
# Possible reasons:
#   The system is out of physical RAM or swap space
#   The process is running with CompressedOops enabled, and the Java Heap may be blocking the growth of the native heap
# Possible solutions:
#   Reduce memory load on the system
#   Increase physical memory or swap space
#   Check if swap backing store is full
#   Decrease Java heap size (-Xmx/-Xms)
#   Decrease number of Java threads
#   Decrease Java thread stack sizes (-Xss)
#   Set larger code cache with -XX:ReservedCodeCacheSize=
#   JVM is running with Unscaled Compressed Oops mode in which the Java heap is
#     placed in the first 4GB address space. The Java Heap base address is the
#     maximum limit for the native heap growth. Please use -XX:HeapBaseMinAddress
#     to set the Java Heap base and to place the Java Heap above 4GB virtual address.
# This output file may be truncated or incomplete.
#
#  Out of Memory Error (t:/workspace/open/src/hotspot/share/memory/arena.cpp:196), pid=13332, tid=1284
#
# JRE version: Java(TM) SE Runtime Environment (13.0.2+8) (build 13.0.2+8)
# Java VM: Java HotSpot(TM) 64-Bit Server VM (13.0.2+8, mixed mode, sharing, tiered, compressed oops, g1 gc, windows-amd64)
# No core dump will be written. Minidumps are not enabled by default on client versions of Windows
#

---------------  S U M M A R Y ------------

Command Line: -agentlib:jdwp=transport=dt_socket,server=n,suspend=y,address=localhost:58530 -Dfile.encoding=UTF-8 com.tts.atltravel.DemoApplication

Host: Intel(R) Core(TM) i5-4310U CPU @ 2.00GHz, 4 cores, 7G,  Windows 10 , 64 bit Build 18362 (10.0.18362.959)
Time: Tue Aug  4 10:50:02 2020 Eastern Daylight Time elapsed time: 2 seconds (0d 0h 0m 2s)

---------------  T H R E A D  ---------------

Current thread (0x000001ca7eb7b000):  JavaThread "C2 CompilerThread0" daemon [_thread_in_native, id=1284, stack(0x000000458d200000,0x000000458d300000)]


Current CompileTask:
C2:   2351 1604       4       java.io.DataOutputStream::writeShort (35 bytes)

Stack: [0x000000458d200000,0x000000458d300000]
Native frames: (J=compiled Java code, j=interpreted, Vv=VM code, C=native code)
V  [jvm.dll+0x624f9a]
V  [jvm.dll+0x770cfa]
V  [jvm.dll+0x7724af]
V  [jvm.dll+0x772ab3]
V  [jvm.dll+0x24bf08]
V  [jvm.dll+0xc1e47]
V  [jvm.dll+0xc23cc]
V  [jvm.dll+0x35c068]
V  [jvm.dll+0x327803]
V  [jvm.dll+0x326bda]
V  [jvm.dll+0x205c27]
V  [jvm.dll+0x204e3f]
V  [jvm.dll+0x189c2c]
V  [jvm.dll+0x213e6d]
V  [jvm.dll+0x2120bb]
V  [jvm.dll+0x736bb6]
V  [jvm.dll+0x72fcaa]
V  [jvm.dll+0x623ea6]
C  [ucrtbase.dll+0x20e82]
C  [KERNEL32.DLL+0x17bd4]
C  [ntdll.dll+0x6ce51]


---------------  P R O C E S S  ---------------

Threads class SMR info:
_java_thread_list=0x000001ca19e66a50, length=15, elements={
0x000001ca77b47800, 0x000001ca7eb56000, 0x000001ca7eb5a000, 0x000001ca7eb73000,
0x000001ca7eb76800, 0x000001ca7eb7b000, 0x000001ca7eb7c800, 0x000001ca7f4f0800,
0x000001ca7f5db000, 0x000001ca7f5df000, 0x000001ca7f5e0000, 0x000001ca7f5ef000,
0x000001ca7f5fd000, 0x000001ca19be0000, 0x000001ca19bd1000
}

Java Threads: ( => current thread )
  0x000001ca77b47800 JavaThread "main" [_thread_blocked, id=8816, stack(0x000000458c700000,0x000000458c800000)]
  0x000001ca7eb56000 JavaThread "Reference Handler" daemon [_thread_blocked, id=11292, stack(0x000000458ce00000,0x000000458cf00000)]
  0x000001ca7eb5a000 JavaThread "Finalizer" daemon [_thread_blocked, id=5180, stack(0x000000458cf00000,0x000000458d000000)]
  0x000001ca7eb73000 JavaThread "Signal Dispatcher" daemon [_thread_blocked, id=9768, stack(0x000000458d000000,0x000000458d100000)]
  0x000001ca7eb76800 JavaThread "Attach Listener" daemon [_thread_blocked, id=1280, stack(0x000000458d100000,0x000000458d200000)]
=>0x000001ca7eb7b000 JavaThread "C2 CompilerThread0" daemon [_thread_in_native, id=1284, stack(0x000000458d200000,0x000000458d300000)]
  0x000001ca7eb7c800 JavaThread "C1 CompilerThread0" daemon [_thread_blocked, id=8496, stack(0x000000458d300000,0x000000458d400000)]
  0x000001ca7f4f0800 JavaThread "Sweeper thread" daemon [_thread_blocked, id=13396, stack(0x000000458d400000,0x000000458d500000)]
  0x000001ca7f5db000 JavaThread "JDWP Transport Listener: dt_socket" daemon [_thread_blocked, id=10376, stack(0x000000458d500000,0x000000458d600000)]
  0x000001ca7f5df000 JavaThread "JDWP Event Helper Thread" daemon [_thread_blocked, id=7856, stack(0x000000458d600000,0x000000458d700000)]
  0x000001ca7f5e0000 JavaThread "JDWP Command Reader" daemon [_thread_in_native, id=1096, stack(0x000000458d700000,0x000000458d800000)]
  0x000001ca7f5ef000 JavaThread "Service Thread" daemon [_thread_blocked, id=8440, stack(0x000000458d800000,0x000000458d900000)]
  0x000001ca7f5fd000 JavaThread "Common-Cleaner" daemon [_thread_blocked, id=13248, stack(0x000000458da00000,0x000000458db00000)]
  0x000001ca19be0000 JavaThread "Thread-0" [_thread_blocked, id=12492, stack(0x000000458df00000,0x000000458e000000)]
  0x000001ca19bd1000 JavaThread "restartedMain" [_thread_in_native, id=5620, stack(0x000000458e000000,0x000000458e100000)]

Other Threads:
  0x000001ca7eb52000 VMThread "VM Thread" [stack: 0x000000458cd00000,0x000000458ce00000] [id=7868]
  0x000001ca7f5f4000 WatcherThread [stack: 0x000000458d900000,0x000000458da00000] [id=11328]
  0x000001ca77b8a800 GCTaskThread "GC Thread#0" [stack: 0x000000458c800000,0x000000458c900000] [id=10292]
  0x000001ca199fd000 GCTaskThread "GC Thread#1" [stack: 0x000000458dc00000,0x000000458dd00000] [id=13048]
  0x000001ca199fe800 GCTaskThread "GC Thread#2" [stack: 0x000000458dd00000,0x000000458de00000] [id=14304]
  0x000001ca19c24000 GCTaskThread "GC Thread#3" [stack: 0x000000458e200000,0x000000458e300000] [id=4108]
  0x000001ca77b9c000 ConcurrentGCThread "G1 Main Marker" [stack: 0x000000458c900000,0x000000458ca00000] [id=1348]
  0x000001ca77b9d800 ConcurrentGCThread "G1 Conc#0" [stack: 0x000000458ca00000,0x000000458cb00000] [id=1572]
  0x000001ca7e9d0800 ConcurrentGCThread "G1 Refine#0" [stack: 0x000000458cb00000,0x000000458cc00000] [id=13960]
  0x000001ca7f7a4000 ConcurrentGCThread "G1 Refine#1" [stack: 0x000000458de00000,0x000000458df00000] [id=10380]
  0x000001ca7e9d1800 ConcurrentGCThread "G1 Young RemSet Sampling" [stack: 0x000000458cc00000,0x000000458cd00000] [id=12228]

Threads with active compile tasks:
C2 CompilerThread0     2459 1604       4       java.io.DataOutputStream::writeShort (35 bytes)

VM state:not at safepoint (normal execution)

VM Mutex/Monitor currently owned by a thread: None

Heap address: 0x0000000081600000, size: 2026 MB, Compressed Oops mode: 32-bit
Narrow klass base: 0x0000000800000000, Narrow klass shift: 3
Compressed class space size: 1073741824 Address: 0x0000000800b40000

Heap:
 garbage-first heap   total 131072K, used 21740K [0x0000000081600000, 0x0000000100000000)
  region size 1024K, 19 young (19456K), 2 survivors (2048K)
 Metaspace       used 13914K, capacity 14676K, committed 14976K, reserved 1062912K
  class space    used 1713K, capacity 1869K, committed 1920K, reserved 1048576K
Heap Regions: E=young(eden), S=young(survivor), O=old, HS=humongous(starts), HC=humongous(continues), CS=collection set, F=free, A=archive, TAMS=top-at-mark-start (previous, next)
|   0|0x0000000081600000, 0x0000000081700000, 0x0000000081700000|100%| O|  |TAMS 0x0000000081600000, 0x0000000081600000| Untracked 
|   1|0x0000000081700000, 0x0000000081800000, 0x0000000081800000|100%| O|  |TAMS 0x0000000081700000, 0x0000000081700000| Untracked 
|   2|0x0000000081800000, 0x0000000081900000, 0x0000000081900000|100%| O|  |TAMS 0x0000000081800000, 0x0000000081800000| Untracked 
|   3|0x0000000081900000, 0x00000000819c8800, 0x0000000081a00000| 78%| O|  |TAMS 0x0000000081900000, 0x0000000081900000| Untracked 
|   4|0x0000000081a00000, 0x0000000081a00000, 0x0000000081b00000|  0%| F|  |TAMS 0x0000000081a00000, 0x0000000081a00000| Untracked 
|   5|0x0000000081b00000, 0x0000000081b00000, 0x0000000081c00000|  0%| F|  |TAMS 0x0000000081b00000, 0x0000000081b00000| Untracked 
|   6|0x0000000081c00000, 0x0000000081c00000, 0x0000000081d00000|  0%| F|  |TAMS 0x0000000081c00000, 0x0000000081c00000| Untracked 
|   7|0x0000000081d00000, 0x0000000081d00000, 0x0000000081e00000|  0%| F|  |TAMS 0x0000000081d00000, 0x0000000081d00000| Untracked 
|   8|0x0000000081e00000, 0x0000000081e00000, 0x0000000081f00000|  0%| F|  |TAMS 0x0000000081e00000, 0x0000000081e00000| Untracked 
|   9|0x0000000081f00000, 0x0000000081f00000, 0x0000000082000000|  0%| F|  |TAMS 0x0000000081f00000, 0x0000000081f00000| Untracked 
|  10|0x0000000082000000, 0x0000000082000000, 0x0000000082100000|  0%| F|  |TAMS 0x0000000082000000, 0x0000000082000000| Untracked 
|  11|0x0000000082100000, 0x0000000082100000, 0x0000000082200000|  0%| F|  |TAMS 0x0000000082100000, 0x0000000082100000| Untracked 
|  12|0x0000000082200000, 0x0000000082200000, 0x0000000082300000|  0%| F|  |TAMS 0x0000000082200000, 0x0000000082200000| Untracked 
|  13|0x0000000082300000, 0x0000000082300000, 0x0000000082400000|  0%| F|  |TAMS 0x0000000082300000, 0x0000000082300000| Untracked 
|  14|0x0000000082400000, 0x0000000082400000, 0x0000000082500000|  0%| F|  |TAMS 0x0000000082400000, 0x0000000082400000| Untracked 
|  15|0x0000000082500000, 0x0000000082500000, 0x0000000082600000|  0%| F|  |TAMS 0x0000000082500000, 0x0000000082500000| Untracked 
|  16|0x0000000082600000, 0x0000000082600000, 0x0000000082700000|  0%| F|  |TAMS 0x0000000082600000, 0x0000000082600000| Untracked 
|  17|0x0000000082700000, 0x0000000082700000, 0x0000000082800000|  0%| F|  |TAMS 0x0000000082700000, 0x0000000082700000| Untracked 
|  18|0x0000000082800000, 0x0000000082800000, 0x0000000082900000|  0%| F|  |TAMS 0x0000000082800000, 0x0000000082800000| Untracked 
|  19|0x0000000082900000, 0x0000000082900000, 0x0000000082a00000|  0%| F|  |TAMS 0x0000000082900000, 0x0000000082900000| Untracked 
|  20|0x0000000082a00000, 0x0000000082a00000, 0x0000000082b00000|  0%| F|  |TAMS 0x0000000082a00000, 0x0000000082a00000| Untracked 
|  21|0x0000000082b00000, 0x0000000082b00000, 0x0000000082c00000|  0%| F|  |TAMS 0x0000000082b00000, 0x0000000082b00000| Untracked 
|  22|0x0000000082c00000, 0x0000000082c00000, 0x0000000082d00000|  0%| F|  |TAMS 0x0000000082c00000, 0x0000000082c00000| Untracked 
|  23|0x0000000082d00000, 0x0000000082d00000, 0x0000000082e00000|  0%| F|  |TAMS 0x0000000082d00000, 0x0000000082d00000| Untracked 
|  24|0x0000000082e00000, 0x0000000082e00000, 0x0000000082f00000|  0%| F|  |TAMS 0x0000000082e00000, 0x0000000082e00000| Untracked 
|  25|0x0000000082f00000, 0x0000000082f00000, 0x0000000083000000|  0%| F|  |TAMS 0x0000000082f00000, 0x0000000082f00000| Untracked 
|  26|0x0000000083000000, 0x0000000083000000, 0x0000000083100000|  0%| F|  |TAMS 0x0000000083000000, 0x0000000083000000| Untracked 
|  27|0x0000000083100000, 0x0000000083100000, 0x0000000083200000|  0%| F|  |TAMS 0x0000000083100000, 0x0000000083100000| Untracked 
|  28|0x0000000083200000, 0x0000000083200000, 0x0000000083300000|  0%| F|  |TAMS 0x0000000083200000, 0x0000000083200000| Untracked 
|  29|0x0000000083300000, 0x0000000083300000, 0x0000000083400000|  0%| F|  |TAMS 0x0000000083300000, 0x0000000083300000| Untracked 
|  30|0x0000000083400000, 0x0000000083400000, 0x0000000083500000|  0%| F|  |TAMS 0x0000000083400000, 0x0000000083400000| Untracked 
|  31|0x0000000083500000, 0x0000000083500000, 0x0000000083600000|  0%| F|  |TAMS 0x0000000083500000, 0x0000000083500000| Untracked 
|  32|0x0000000083600000, 0x0000000083600000, 0x0000000083700000|  0%| F|  |TAMS 0x0000000083600000, 0x0000000083600000| Untracked 
|  33|0x0000000083700000, 0x0000000083700000, 0x0000000083800000|  0%| F|  |TAMS 0x0000000083700000, 0x0000000083700000| Untracked 
|  34|0x0000000083800000, 0x0000000083800000, 0x0000000083900000|  0%| F|  |TAMS 0x0000000083800000, 0x0000000083800000| Untracked 
|  35|0x0000000083900000, 0x0000000083900000, 0x0000000083a00000|  0%| F|  |TAMS 0x0000000083900000, 0x0000000083900000| Untracked 
|  36|0x0000000083a00000, 0x0000000083a00000, 0x0000000083b00000|  0%| F|  |TAMS 0x0000000083a00000, 0x0000000083a00000| Untracked 
|  37|0x0000000083b00000, 0x0000000083b00000, 0x0000000083c00000|  0%| F|  |TAMS 0x0000000083b00000, 0x0000000083b00000| Untracked 
|  38|0x0000000083c00000, 0x0000000083c00000, 0x0000000083d00000|  0%| F|  |TAMS 0x0000000083c00000, 0x0000000083c00000| Untracked 
|  39|0x0000000083d00000, 0x0000000083d00000, 0x0000000083e00000|  0%| F|  |TAMS 0x0000000083d00000, 0x0000000083d00000| Untracked 
|  40|0x0000000083e00000, 0x0000000083e00000, 0x0000000083f00000|  0%| F|  |TAMS 0x0000000083e00000, 0x0000000083e00000| Untracked 
|  41|0x0000000083f00000, 0x0000000083f00000, 0x0000000084000000|  0%| F|  |TAMS 0x0000000083f00000, 0x0000000083f00000| Untracked 
|  42|0x0000000084000000, 0x0000000084000000, 0x0000000084100000|  0%| F|  |TAMS 0x0000000084000000, 0x0000000084000000| Untracked 
|  43|0x0000000084100000, 0x0000000084100000, 0x0000000084200000|  0%| F|  |TAMS 0x0000000084100000, 0x0000000084100000| Untracked 
|  44|0x0000000084200000, 0x0000000084200000, 0x0000000084300000|  0%| F|  |TAMS 0x0000000084200000, 0x0000000084200000| Untracked 
|  45|0x0000000084300000, 0x0000000084300000, 0x0000000084400000|  0%| F|  |TAMS 0x0000000084300000, 0x0000000084300000| Untracked 
|  46|0x0000000084400000, 0x0000000084400000, 0x0000000084500000|  0%| F|  |TAMS 0x0000000084400000, 0x0000000084400000| Untracked 
|  47|0x0000000084500000, 0x0000000084500000, 0x0000000084600000|  0%| F|  |TAMS 0x0000000084500000, 0x0000000084500000| Untracked 
|  48|0x0000000084600000, 0x0000000084600000, 0x0000000084700000|  0%| F|  |TAMS 0x0000000084600000, 0x0000000084600000| Untracked 
|  49|0x0000000084700000, 0x0000000084700000, 0x0000000084800000|  0%| F|  |TAMS 0x0000000084700000, 0x0000000084700000| Untracked 
|  50|0x0000000084800000, 0x0000000084800000, 0x0000000084900000|  0%| F|  |TAMS 0x0000000084800000, 0x0000000084800000| Untracked 
|  51|0x0000000084900000, 0x0000000084900000, 0x0000000084a00000|  0%| F|  |TAMS 0x0000000084900000, 0x0000000084900000| Untracked 
|  52|0x0000000084a00000, 0x0000000084a00000, 0x0000000084b00000|  0%| F|  |TAMS 0x0000000084a00000, 0x0000000084a00000| Untracked 
|  53|0x0000000084b00000, 0x0000000084b00000, 0x0000000084c00000|  0%| F|  |TAMS 0x0000000084b00000, 0x0000000084b00000| Untracked 
|  54|0x0000000084c00000, 0x0000000084c00000, 0x0000000084d00000|  0%| F|  |TAMS 0x0000000084c00000, 0x0000000084c00000| Untracked 
|  55|0x0000000084d00000, 0x0000000084d00000, 0x0000000084e00000|  0%| F|  |TAMS 0x0000000084d00000, 0x0000000084d00000| Untracked 
|  56|0x0000000084e00000, 0x0000000084e00000, 0x0000000084f00000|  0%| F|  |TAMS 0x0000000084e00000, 0x0000000084e00000| Untracked 
|  57|0x0000000084f00000, 0x0000000084f00000, 0x0000000085000000|  0%| F|  |TAMS 0x0000000084f00000, 0x0000000084f00000| Untracked 
|  58|0x0000000085000000, 0x0000000085000000, 0x0000000085100000|  0%| F|  |TAMS 0x0000000085000000, 0x0000000085000000| Untracked 
|  59|0x0000000085100000, 0x0000000085100000, 0x0000000085200000|  0%| F|  |TAMS 0x0000000085100000, 0x0000000085100000| Untracked 
|  60|0x0000000085200000, 0x0000000085200000, 0x0000000085300000|  0%| F|  |TAMS 0x0000000085200000, 0x0000000085200000| Untracked 
|  61|0x0000000085300000, 0x0000000085300000, 0x0000000085400000|  0%| F|  |TAMS 0x0000000085300000, 0x0000000085300000| Untracked 
|  62|0x0000000085400000, 0x0000000085400000, 0x0000000085500000|  0%| F|  |TAMS 0x0000000085400000, 0x0000000085400000| Untracked 
|  63|0x0000000085500000, 0x0000000085500000, 0x0000000085600000|  0%| F|  |TAMS 0x0000000085500000, 0x0000000085500000| Untracked 
|  64|0x0000000085600000, 0x0000000085600000, 0x0000000085700000|  0%| F|  |TAMS 0x0000000085600000, 0x0000000085600000| Untracked 
|  65|0x0000000085700000, 0x0000000085700000, 0x0000000085800000|  0%| F|  |TAMS 0x0000000085700000, 0x0000000085700000| Untracked 
|  66|0x0000000085800000, 0x0000000085800000, 0x0000000085900000|  0%| F|  |TAMS 0x0000000085800000, 0x0000000085800000| Untracked 
|  67|0x0000000085900000, 0x0000000085900000, 0x0000000085a00000|  0%| F|  |TAMS 0x0000000085900000, 0x0000000085900000| Untracked 
|  68|0x0000000085a00000, 0x0000000085a00000, 0x0000000085b00000|  0%| F|  |TAMS 0x0000000085a00000, 0x0000000085a00000| Untracked 
|  69|0x0000000085b00000, 0x0000000085b00000, 0x0000000085c00000|  0%| F|  |TAMS 0x0000000085b00000, 0x0000000085b00000| Untracked 
|  70|0x0000000085c00000, 0x0000000085c00000, 0x0000000085d00000|  0%| F|  |TAMS 0x0000000085c00000, 0x0000000085c00000| Untracked 
|  71|0x0000000085d00000, 0x0000000085d00000, 0x0000000085e00000|  0%| F|  |TAMS 0x0000000085d00000, 0x0000000085d00000| Untracked 
|  72|0x0000000085e00000, 0x0000000085e00000, 0x0000000085f00000|  0%| F|  |TAMS 0x0000000085e00000, 0x0000000085e00000| Untracked 
|  73|0x0000000085f00000, 0x0000000085f00000, 0x0000000086000000|  0%| F|  |TAMS 0x0000000085f00000, 0x0000000085f00000| Untracked 
|  74|0x0000000086000000, 0x0000000086000000, 0x0000000086100000|  0%| F|  |TAMS 0x0000000086000000, 0x0000000086000000| Untracked 
|  75|0x0000000086100000, 0x0000000086100000, 0x0000000086200000|  0%| F|  |TAMS 0x0000000086100000, 0x0000000086100000| Untracked 
|  76|0x0000000086200000, 0x0000000086200000, 0x0000000086300000|  0%| F|  |TAMS 0x0000000086200000, 0x0000000086200000| Untracked 
|  77|0x0000000086300000, 0x0000000086300000, 0x0000000086400000|  0%| F|  |TAMS 0x0000000086300000, 0x0000000086300000| Untracked 
|  78|0x0000000086400000, 0x0000000086400000, 0x0000000086500000|  0%| F|  |TAMS 0x0000000086400000, 0x0000000086400000| Untracked 
|  79|0x0000000086500000, 0x0000000086500000, 0x0000000086600000|  0%| F|  |TAMS 0x0000000086500000, 0x0000000086500000| Untracked 
|  80|0x0000000086600000, 0x0000000086600000, 0x0000000086700000|  0%| F|  |TAMS 0x0000000086600000, 0x0000000086600000| Untracked 
|  81|0x0000000086700000, 0x0000000086700000, 0x0000000086800000|  0%| F|  |TAMS 0x0000000086700000, 0x0000000086700000| Untracked 
|  82|0x0000000086800000, 0x0000000086800000, 0x0000000086900000|  0%| F|  |TAMS 0x0000000086800000, 0x0000000086800000| Untracked 
|  83|0x0000000086900000, 0x0000000086900000, 0x0000000086a00000|  0%| F|  |TAMS 0x0000000086900000, 0x0000000086900000| Untracked 
|  84|0x0000000086a00000, 0x0000000086a00000, 0x0000000086b00000|  0%| F|  |TAMS 0x0000000086a00000, 0x0000000086a00000| Untracked 
|  85|0x0000000086b00000, 0x0000000086b00000, 0x0000000086c00000|  0%| F|  |TAMS 0x0000000086b00000, 0x0000000086b00000| Untracked 
|  86|0x0000000086c00000, 0x0000000086c00000, 0x0000000086d00000|  0%| F|  |TAMS 0x0000000086c00000, 0x0000000086c00000| Untracked 
|  87|0x0000000086d00000, 0x0000000086d00000, 0x0000000086e00000|  0%| F|  |TAMS 0x0000000086d00000, 0x0000000086d00000| Untracked 
|  88|0x0000000086e00000, 0x0000000086e00000, 0x0000000086f00000|  0%| F|  |TAMS 0x0000000086e00000, 0x0000000086e00000| Untracked 
|  89|0x0000000086f00000, 0x0000000086f00000, 0x0000000087000000|  0%| F|  |TAMS 0x0000000086f00000, 0x0000000086f00000| Untracked 
|  90|0x0000000087000000, 0x0000000087000000, 0x0000000087100000|  0%| F|  |TAMS 0x0000000087000000, 0x0000000087000000| Untracked 
|  91|0x0000000087100000, 0x0000000087100000, 0x0000000087200000|  0%| F|  |TAMS 0x0000000087100000, 0x0000000087100000| Untracked 
|  92|0x0000000087200000, 0x0000000087200000, 0x0000000087300000|  0%| F|  |TAMS 0x0000000087200000, 0x0000000087200000| Untracked 
|  93|0x0000000087300000, 0x0000000087300000, 0x0000000087400000|  0%| F|  |TAMS 0x0000000087300000, 0x0000000087300000| Untracked 
|  94|0x0000000087400000, 0x0000000087400000, 0x0000000087500000|  0%| F|  |TAMS 0x0000000087400000, 0x0000000087400000| Untracked 
|  95|0x0000000087500000, 0x0000000087500000, 0x0000000087600000|  0%| F|  |TAMS 0x0000000087500000, 0x0000000087500000| Untracked 
|  96|0x0000000087600000, 0x0000000087600000, 0x0000000087700000|  0%| F|  |TAMS 0x0000000087600000, 0x0000000087600000| Untracked 
|  97|0x0000000087700000, 0x0000000087700000, 0x0000000087800000|  0%| F|  |TAMS 0x0000000087700000, 0x0000000087700000| Untracked 
|  98|0x0000000087800000, 0x0000000087872aa0, 0x0000000087900000| 44%| S|CS|TAMS 0x0000000087800000, 0x0000000087800000| Complete 
|  99|0x0000000087900000, 0x0000000087a00000, 0x0000000087a00000|100%| S|CS|TAMS 0x0000000087900000, 0x0000000087900000| Complete 
| 100|0x0000000087a00000, 0x0000000087a00000, 0x0000000087b00000|  0%| F|  |TAMS 0x0000000087a00000, 0x0000000087a00000| Untracked 
| 101|0x0000000087b00000, 0x0000000087b00000, 0x0000000087c00000|  0%| F|  |TAMS 0x0000000087b00000, 0x0000000087b00000| Untracked 
| 102|0x0000000087c00000, 0x0000000087c00000, 0x0000000087d00000|  0%| F|  |TAMS 0x0000000087c00000, 0x0000000087c00000| Untracked 
| 103|0x0000000087d00000, 0x0000000087d00000, 0x0000000087e00000|  0%| F|  |TAMS 0x0000000087d00000, 0x0000000087d00000| Untracked 
| 104|0x0000000087e00000, 0x0000000087e00000, 0x0000000087f00000|  0%| F|  |TAMS 0x0000000087e00000, 0x0000000087e00000| Untracked 
| 105|0x0000000087f00000, 0x0000000087f00000, 0x0000000088000000|  0%| F|  |TAMS 0x0000000087f00000, 0x0000000087f00000| Untracked 
| 106|0x0000000088000000, 0x0000000088000000, 0x0000000088100000|  0%| F|  |TAMS 0x0000000088000000, 0x0000000088000000| Untracked 
| 107|0x0000000088100000, 0x0000000088100000, 0x0000000088200000|  0%| F|  |TAMS 0x0000000088100000, 0x0000000088100000| Untracked 
| 108|0x0000000088200000, 0x0000000088200000, 0x0000000088300000|  0%| F|  |TAMS 0x0000000088200000, 0x0000000088200000| Untracked 
| 109|0x0000000088300000, 0x0000000088300000, 0x0000000088400000|  0%| F|  |TAMS 0x0000000088300000, 0x0000000088300000| Untracked 
| 110|0x0000000088400000, 0x0000000088400000, 0x0000000088500000|  0%| F|  |TAMS 0x0000000088400000, 0x0000000088400000| Untracked 
| 111|0x0000000088500000, 0x0000000088555310, 0x0000000088600000| 33%| E|  |TAMS 0x0000000088500000, 0x0000000088500000| Complete 
| 112|0x0000000088600000, 0x0000000088700000, 0x0000000088700000|100%| E|CS|TAMS 0x0000000088600000, 0x0000000088600000| Complete 
| 113|0x0000000088700000, 0x0000000088800000, 0x0000000088800000|100%| E|CS|TAMS 0x0000000088700000, 0x0000000088700000| Complete 
| 114|0x0000000088800000, 0x0000000088900000, 0x0000000088900000|100%| E|CS|TAMS 0x0000000088800000, 0x0000000088800000| Complete 
| 115|0x0000000088900000, 0x0000000088a00000, 0x0000000088a00000|100%| E|CS|TAMS 0x0000000088900000, 0x0000000088900000| Complete 
| 116|0x0000000088a00000, 0x0000000088b00000, 0x0000000088b00000|100%| E|CS|TAMS 0x0000000088a00000, 0x0000000088a00000| Complete 
| 117|0x0000000088b00000, 0x0000000088c00000, 0x0000000088c00000|100%| E|CS|TAMS 0x0000000088b00000, 0x0000000088b00000| Complete 
| 118|0x0000000088c00000, 0x0000000088d00000, 0x0000000088d00000|100%| E|CS|TAMS 0x0000000088c00000, 0x0000000088c00000| Complete 
| 119|0x0000000088d00000, 0x0000000088e00000, 0x0000000088e00000|100%| E|CS|TAMS 0x0000000088d00000, 0x0000000088d00000| Complete 
| 120|0x0000000088e00000, 0x0000000088f00000, 0x0000000088f00000|100%| E|CS|TAMS 0x0000000088e00000, 0x0000000088e00000| Complete 
| 121|0x0000000088f00000, 0x0000000089000000, 0x0000000089000000|100%| E|CS|TAMS 0x0000000088f00000, 0x0000000088f00000| Complete 
| 122|0x0000000089000000, 0x0000000089100000, 0x0000000089100000|100%| E|CS|TAMS 0x0000000089000000, 0x0000000089000000| Complete 
| 123|0x0000000089100000, 0x0000000089200000, 0x0000000089200000|100%| E|CS|TAMS 0x0000000089100000, 0x0000000089100000| Complete 
| 124|0x0000000089200000, 0x0000000089300000, 0x0000000089300000|100%| E|CS|TAMS 0x0000000089200000, 0x0000000089200000| Complete 
| 125|0x0000000089300000, 0x0000000089400000, 0x0000000089400000|100%| E|CS|TAMS 0x0000000089300000, 0x0000000089300000| Complete 
| 126|0x0000000089400000, 0x0000000089500000, 0x0000000089500000|100%| E|CS|TAMS 0x0000000089400000, 0x0000000089400000| Complete 
| 127|0x0000000089500000, 0x0000000089600000, 0x0000000089600000|100%| E|CS|TAMS 0x0000000089500000, 0x0000000089500000| Complete 

Card table byte_map: [0x000001ca79e20000,0x000001ca7a220000] _byte_map_base: 0x000001ca79a15000

Marking Bits (Prev, Next): (CMBitMap*) 0x000001ca77b8b718, (CMBitMap*) 0x000001ca77b8b758
 Prev Bits: [0x000001ca7a620000, 0x000001ca7c5c8000)
 Next Bits: [0x000001ca7c5d0000, 0x000001ca7e578000)

Polling page: 0x000001ca77990000

Metaspace:

Usage:
  Non-class:     12.51 MB capacity,    11.94 MB ( 95%) used,   545.58 KB (  4%) free+waste,    43.38 KB ( <1%) overhead. 
      Class:      1.83 MB capacity,     1.68 MB ( 92%) used,   132.37 KB (  7%) free+waste,    22.50 KB (  1%) overhead. 
       Both:     14.34 MB capacity,    13.61 MB ( 95%) used,   677.95 KB (  5%) free+waste,    65.88 KB ( <1%) overhead. 

Virtual space:
  Non-class space:       14.00 MB reserved,      12.75 MB ( 91%) committed 
      Class space:        1.00 GB reserved,       1.88 MB ( <1%) committed 
             Both:        1.01 GB reserved,      14.63 MB (  1%) committed 

Chunk freelists:
   Non-Class:  53.00 KB
       Class:  0 bytes
        Both:  53.00 KB

MaxMetaspaceSize: 17179869184.00 GB
CompressedClassSpaceSize: 1.00 GB

CodeHeap 'non-profiled nmethods': size=120000Kb used=634Kb max_used=634Kb free=119365Kb
 bounds [0x000001ca0ff00000, 0x000001ca10170000, 0x000001ca17430000]
CodeHeap 'profiled nmethods': size=120000Kb used=3123Kb max_used=3123Kb free=116876Kb
 bounds [0x000001ca089d0000, 0x000001ca08ce0000, 0x000001ca0ff00000]
CodeHeap 'non-nmethods': size=5760Kb used=1286Kb max_used=1307Kb free=4473Kb
 bounds [0x000001ca08430000, 0x000001ca086a0000, 0x000001ca089d0000]
 total_blobs=2744 nmethods=1542 adapters=366
 compilation: enabled
              stopped_count=0, restarted_count=0
 full_count=0

Compilation events (20 events):
Event: 2.275 Thread 0x000001ca7eb7c800 1623       3       org.springframework.core.OrderComparator::findOrder (24 bytes)
Event: 2.275 Thread 0x000001ca7eb7c800 nmethod 1623 0x000001ca08ccbb90 code [0x000001ca08ccbd80, 0x000001ca08ccc530]
Event: 2.276 Thread 0x000001ca7eb7c800 1626       3       java.lang.invoke.LambdaForm$MH/0x0000000800ba2840::linkToTargetMethod (15 bytes)
Event: 2.276 Thread 0x000001ca7eb7c800 nmethod 1626 0x000001ca08ccc710 code [0x000001ca08ccc8e0, 0x000001ca08ccce00]
Event: 2.276 Thread 0x000001ca7eb7c800 1627       3       java.lang.invoke.LambdaForm$DMH/0x0000000800ba3040::invokeStatic (22 bytes)
Event: 2.276 Thread 0x000001ca7eb7c800 nmethod 1627 0x000001ca08cccf10 code [0x000001ca08ccd0e0, 0x000001ca08ccd740]
Event: 2.276 Thread 0x000001ca7eb7c800 1628       3       org.springframework.util.ConcurrentReferenceHashMap$1::execute (55 bytes)
Event: 2.277 Thread 0x000001ca7eb7c800 nmethod 1628 0x000001ca08ccd890 code [0x000001ca08ccdaa0, 0x000001ca08cce0e0]
Event: 2.283 Thread 0x000001ca7eb7c800 1629       1       java.util.Formatter$Flags::valueOf (5 bytes)
Event: 2.283 Thread 0x000001ca7eb7c800 nmethod 1629 0x000001ca0ff97d90 code [0x000001ca0ff97f20, 0x000001ca0ff98058]
Event: 2.283 Thread 0x000001ca7eb7c800 1630  s    1       java.lang.StringBuffer::length (5 bytes)
Event: 2.283 Thread 0x000001ca7eb7c800 nmethod 1630 0x000001ca0ff98110 code [0x000001ca0ff982a0, 0x000001ca0ff98578]
Event: 2.304 Thread 0x000001ca7eb7b000 nmethod 1589 0x000001ca0ff98610 code [0x000001ca0ff98880, 0x000001ca0ff9ba00]
Event: 2.304 Thread 0x000001ca7eb7b000 1594       4       java.util.HashMap::get (23 bytes)
Event: 2.308 Thread 0x000001ca7eb7c800 1631  s    3       java.lang.Throwable::fillInStackTrace (29 bytes)
Event: 2.308 Thread 0x000001ca7eb7c800 nmethod 1631 0x000001ca08cce390 code [0x000001ca08cce540, 0x000001ca08cce990]
Event: 2.310 Thread 0x000001ca7eb7b000 nmethod 1594 0x000001ca0ff9ce90 code [0x000001ca0ff9d020, 0x000001ca0ff9d378]
Event: 2.310 Thread 0x000001ca7eb7b000 1604       4       java.io.DataOutputStream::writeShort (35 bytes)
Event: 2.321 Thread 0x000001ca7eb7c800 1633       3       java.util.Properties::getProperty (50 bytes)
Event: 2.322 Thread 0x000001ca7eb7c800 nmethod 1633 0x000001ca08ccea90 code [0x000001ca08ccec60, 0x000001ca08ccf220]

GC Heap History (6 events):
Event: 1.110 GC heap before
{Heap before GC invocations=0 (full 0):
 garbage-first heap   total 131072K, used 13312K [0x0000000081600000, 0x0000000100000000)
  region size 1024K, 14 young (14336K), 0 survivors (0K)
 Metaspace       used 3537K, capacity 6261K, committed 6528K, reserved 1056768K
  class space    used 374K, capacity 623K, committed 640K, reserved 1048576K
}
Event: 1.116 GC heap after
{Heap after GC invocations=1 (full 0):
 garbage-first heap   total 131072K, used 3847K [0x0000000081600000, 0x0000000100000000)
  region size 1024K, 2 young (2048K), 2 survivors (2048K)
 Metaspace       used 3537K, capacity 6261K, committed 6528K, reserved 1056768K
  class space    used 374K, capacity 623K, committed 640K, reserved 1048576K
}
Event: 1.295 GC heap before
{Heap before GC invocations=1 (full 0):
 garbage-first heap   total 131072K, used 11015K [0x0000000081600000, 0x0000000100000000)
  region size 1024K, 9 young (9216K), 2 survivors (2048K)
 Metaspace       used 4586K, capacity 6797K, committed 6912K, reserved 1056768K
  class space    used 510K, capacity 740K, committed 768K, reserved 1048576K
}
Event: 1.299 GC heap after
{Heap after GC invocations=2 (full 0):
 garbage-first heap   total 131072K, used 4205K [0x0000000081600000, 0x0000000100000000)
  region size 1024K, 1 young (1024K), 1 survivors (1024K)
 Metaspace       used 4586K, capacity 6797K, committed 6912K, reserved 1056768K
  class space    used 510K, capacity 740K, committed 768K, reserved 1048576K
}
Event: 1.753 GC heap before
{Heap before GC invocations=2 (full 0):
 garbage-first heap   total 131072K, used 30829K [0x0000000081600000, 0x0000000100000000)
  region size 1024K, 28 young (28672K), 1 survivors (1024K)
 Metaspace       used 10561K, capacity 11828K, committed 12032K, reserved 1060864K
  class space    used 1251K, capacity 1423K, committed 1536K, reserved 1048576K
}
Event: 1.757 GC heap after
{Heap after GC invocations=3 (full 0):
 garbage-first heap   total 131072K, used 5356K [0x0000000081600000, 0x0000000100000000)
  region size 1024K, 2 young (2048K), 2 survivors (2048K)
 Metaspace       used 10561K, capacity 11828K, committed 12032K, reserved 1060864K
  class space    used 1251K, capacity 1423K, committed 1536K, reserved 1048576K
}

Deoptimization events (20 events):
Event: 2.219 Thread 0x000001ca19bd1000 Uncommon trap: trap_request=0xffffff45 fr.pc=0x000001ca0ff3f2e8 relative=0x00000000000002c8
Event: 2.219 Thread 0x000001ca19bd1000 Uncommon trap: reason=unstable_if action=reinterpret pc=0x000001ca0ff3f2e8 method=java.util.HashMap.getNode(ILjava/lang/Object;)Ljava/util/HashMap$Node; @ 129 c2
Event: 2.219 Thread 0x000001ca19bd1000 DEOPT PACKING pc=0x000001ca0ff3f2e8 sp=0x000000458e0fc7a0
Event: 2.219 Thread 0x000001ca19bd1000 DEOPT UNPACKING pc=0x000001ca0847912f sp=0x000000458e0fc740 mode 2
Event: 2.230 Thread 0x000001ca19bd1000 Uncommon trap: trap_request=0xffffff45 fr.pc=0x000001ca0ff444c0 relative=0x00000000000000a0
Event: 2.231 Thread 0x000001ca19bd1000 Uncommon trap: reason=unstable_if action=reinterpret pc=0x000001ca0ff444c0 method=java.util.HashMap.hash(Ljava/lang/Object;)I @ 1 c2
Event: 2.231 Thread 0x000001ca19bd1000 DEOPT PACKING pc=0x000001ca0ff444c0 sp=0x000000458e0fd1b0
Event: 2.231 Thread 0x000001ca19bd1000 DEOPT UNPACKING pc=0x000001ca0847912f sp=0x000000458e0fd148 mode 2
Event: 2.307 Thread 0x000001ca19bd1000 DEOPT PACKING pc=0x000001ca08b37c44 sp=0x000000458e0fc880
Event: 2.307 Thread 0x000001ca19bd1000 DEOPT UNPACKING pc=0x000001ca0847964e sp=0x000000458e0fbd18 mode 1
Event: 2.307 Thread 0x000001ca19bd1000 DEOPT PACKING pc=0x000001ca08b33d84 sp=0x000000458e0fc950
Event: 2.307 Thread 0x000001ca19bd1000 DEOPT UNPACKING pc=0x000001ca0847964e sp=0x000000458e0fbe08 mode 1
Event: 2.307 Thread 0x000001ca19bd1000 DEOPT PACKING pc=0x000001ca08b55e34 sp=0x000000458e0fd3f0
Event: 2.307 Thread 0x000001ca19bd1000 DEOPT UNPACKING pc=0x000001ca0847964e sp=0x000000458e0fc8e0 mode 1
Event: 2.308 Thread 0x000001ca19bd1000 DEOPT PACKING pc=0x000001ca08b37c44 sp=0x000000458e0fc880
Event: 2.308 Thread 0x000001ca19bd1000 DEOPT UNPACKING pc=0x000001ca0847964e sp=0x000000458e0fbd18 mode 1
Event: 2.308 Thread 0x000001ca19bd1000 DEOPT PACKING pc=0x000001ca08b33d84 sp=0x000000458e0fc950
Event: 2.308 Thread 0x000001ca19bd1000 DEOPT UNPACKING pc=0x000001ca0847964e sp=0x000000458e0fbe08 mode 1
Event: 2.308 Thread 0x000001ca19bd1000 DEOPT PACKING pc=0x000001ca08b55e34 sp=0x000000458e0fd3f0
Event: 2.308 Thread 0x000001ca19bd1000 DEOPT UNPACKING pc=0x000001ca0847964e sp=0x000000458e0fc8e0 mode 1

Classes unloaded (0 events):
No events

Classes redefined (0 events):
No events

Internal exceptions (20 events):
Event: 1.560 Thread 0x000001ca19bd1000 Exception <a 'java/lang/NoSuchMethodError'{0x00000000888b7170}: 'java.lang.Object java.lang.invoke.DirectMethodHandle$Holder.invokeSpecial(java.lang.Object, java.lang.Object, java.lang.Object, java.lang.Object, java.lang.Object, java.lang.Object, int)'> (0x00000000888b7170) 
thrown [t:/workspace/open/src/hotspot/share/interpreter/linkResolver.cpp, line 767]
Event: 1.561 Thread 0x000001ca19bd1000 Exception <a 'java/lang/NoSuchMethodError'{0x000000008872c0b8}: 'java.lang.Object java.lang.invoke.DirectMethodHandle$Holder.invokeStatic(java.lang.Object, java.lang.Object, java.lang.Object, java.lang.Object, java.lang.Object, java.lang.Object, int)'> (0x000000008872c0b8) 
thrown [t:/workspace/open/src/hotspot/share/interpreter/linkResolver.cpp, line 767]
Event: 1.562 Thread 0x000001ca19bd1000 Exception <a 'java/lang/NoSuchMethodError'{0x000000008872f880}: 'java.lang.Object java.lang.invoke.DirectMethodHandle$Holder.invokeSpecial(java.lang.Object, java.lang.Object, java.lang.Object, java.lang.Object, java.lang.Object, java.lang.Object, java.lang.Object, int)'> (0x000000008872f880) 
thrown [t:/workspace/open/src/hotspot/share/interpreter/linkResolver.cpp, line 767]
Event: 1.573 Thread 0x000001ca19bd1000 Exception <a 'java/lang/NoSuchMethodError'{0x000000008861fcb8}: 'java.lang.Object java.lang.invoke.DirectMethodHandle$Holder.invokeStatic(java.lang.Object, java.lang.Object, int, java.lang.Object)'> (0x000000008861fcb8) 
thrown [t:/workspace/open/src/hotspot/share/interpreter/linkResolver.cpp, line 767]
Event: 1.574 Thread 0x000001ca19bd1000 Exception <a 'java/lang/NoSuchMethodError'{0x0000000088625f80}: 'java.lang.Object java.lang.invoke.Invokers$Holder.linkToTargetMethod(java.lang.Object, int, java.lang.Object, java.lang.Object)'> (0x0000000088625f80) 
thrown [t:/workspace/open/src/hotspot/share/interpreter/linkResolver.cpp, line 767]
Event: 1.575 Thread 0x000001ca19bd1000 Exception <a 'java/lang/NoSuchMethodError'{0x000000008862ad30}: 'void java.lang.invoke.DirectMethodHandle$Holder.invokeSpecial(java.lang.Object, java.lang.Object, java.lang.Object, java.lang.Object, java.lang.Object, java.lang.Object)'> (0x000000008862ad30) 
thrown [t:/workspace/open/src/hotspot/share/interpreter/linkResolver.cpp, line 767]
Event: 1.578 Thread 0x000001ca19bd1000 Exception <a 'java/lang/NoSuchMethodError'{0x000000008863d5a0}: 'java.lang.Object java.lang.invoke.Invokers$Holder.linkToTargetMethod(java.lang.Object, java.lang.Object, java.lang.Object, java.lang.Object, java.lang.Object, java.lang.Object)'> (0x000000008863d5a0) 
thrown [t:/workspace/open/src/hotspot/share/interpreter/linkResolver.cpp, line 767]
Event: 1.583 Thread 0x000001ca19bd1000 Exception <a 'java/lang/NoSuchMethodError'{0x000000008869ab80}: 'int java.lang.invoke.DirectMethodHandle$Holder.invokeVirtual(java.lang.Object, java.lang.Object)'> (0x000000008869ab80) 
thrown [t:/workspace/open/src/hotspot/share/interpreter/linkResolver.cpp, line 767]
Event: 1.600 Thread 0x000001ca19bd1000 Exception <a 'java/lang/NoSuchMethodError'{0x00000000885b46c0}: 'void java.lang.invoke.DirectMethodHandle$Holder.invokeStatic(java.lang.Object, java.lang.Object, java.lang.Object, java.lang.Object)'> (0x00000000885b46c0) 
thrown [t:/workspace/open/src/hotspot/share/interpreter/linkResolver.cpp, line 767]
Event: 1.652 Thread 0x000001ca19bd1000 Exception <a 'java/lang/NoSuchMethodError'{0x000000008800e6f0}: 'void java.lang.invoke.DirectMethodHandle$Holder.invokeStaticInit(java.lang.Object, java.lang.Object)'> (0x000000008800e6f0) 
thrown [t:/workspace/open/src/hotspot/share/interpreter/linkResolver.cpp, line 767]
Event: 1.809 Thread 0x000001ca19ba9800 Exception <a 'java/lang/NoSuchMethodError'{0x00000000893c18e0}: 'long java.lang.invoke.DirectMethodHandle$Holder.invokeStatic(java.lang.Object, java.lang.Object)'> (0x00000000893c18e0) 
thrown [t:/workspace/open/src/hotspot/share/interpreter/linkResolver.cpp, line 767]
Event: 1.809 Thread 0x000001ca19ba9800 Exception <a 'java/lang/NoSuchMethodError'{0x00000000893c45e8}: 'long java.lang.invoke.DirectMethodHandle$Holder.invokeStaticInit(java.lang.Object, java.lang.Object)'> (0x00000000893c45e8) 
thrown [t:/workspace/open/src/hotspot/share/interpreter/linkResolver.cpp, line 767]
Event: 1.812 Thread 0x000001ca19ba9800 Exception <a 'java/lang/NoSuchMethodError'{0x00000000893d0068}: 'long java.lang.invoke.DirectMethodHandle$Holder.invokeInterface(java.lang.Object, java.lang.Object)'> (0x00000000893d0068) 
thrown [t:/workspace/open/src/hotspot/share/interpreter/linkResolver.cpp, line 767]
Event: 1.813 Thread 0x000001ca19ba9800 Exception <a 'java/lang/IncompatibleClassChangeError'{0x00000000893d2b90}: Found class java.lang.Object, but interface was expected> (0x00000000893d2b90) 
thrown [t:/workspace/open/src/hotspot/share/interpreter/linkResolver.cpp, line 833]
Event: 1.831 Thread 0x000001ca19ba9800 Exception <a 'java/lang/NoSuchMethodError'{0x000000008925b188}: 'java.lang.Object java.lang.invoke.DirectMethodHandle$Holder.invokeVirtual(java.lang.Object, java.lang.Object, java.lang.Object, java.lang.Object)'> (0x000000008925b188) 
thrown [t:/workspace/open/src/hotspot/share/interpreter/linkResolver.cpp, line 767]
Event: 1.903 Thread 0x000001ca19bd1000 Exception <a 'java/lang/NoSuchMethodError'{0x0000000089025800}: 'int java.lang.invoke.DirectMethodHandle$Holder.invokeSpecialIFC(java.lang.Object, java.lang.Object, int)'> (0x0000000089025800) 
thrown [t:/workspace/open/src/hotspot/share/interpreter/linkResolver.cpp, line 767]
Event: 2.088 Thread 0x000001ca19bd1000 Exception <a 'java/lang/NoClassDefFoundError'{0x0000000088d97900}: javax/validation/ValidationException> (0x0000000088d97900) 
thrown [t:/workspace/open/src/hotspot/share/classfile/systemDictionary.cpp, line 221]
Event: 2.096 Thread 0x000001ca19bd1000 Exception <a 'java/lang/NoClassDefFoundError'{0x0000000088dfd750}: org/springframework/jdbc/CannotGetJdbcConnectionException> (0x0000000088dfd750) 
thrown [t:/workspace/open/src/hotspot/share/classfile/systemDictionary.cpp, line 221]
Event: 2.133 Thread 0x000001ca19bd1000 Exception <a 'java/lang/NoSuchMethodError'{0x0000000088ccd780}: 'org.slf4j.impl.StaticMDCBinder org.slf4j.impl.StaticMDCBinder.getSingleton()'> (0x0000000088ccd780) 
thrown [t:/workspace/open/src/hotspot/share/interpreter/linkResolver.cpp, line 767]
Event: 2.230 Thread 0x000001ca19bd1000 Implicit null exception at 0x000001ca0ff4442f to 0x000001ca0ff444b1

Events (20 events):
Event: 2.314 loading class org/springframework/expression/common/TemplateAwareExpressionParser
Event: 2.314 loading class org/springframework/expression/common/TemplateAwareExpressionParser done
Event: 2.315 loading class org/springframework/expression/ParseException
Event: 2.315 loading class org/springframework/expression/ParseException done
Event: 2.315 loading class org/springframework/expression/ExpressionException
Event: 2.315 loading class org/springframework/expression/ExpressionException done
Event: 2.315 loading class org/springframework/expression/Expression
Event: 2.315 loading class org/springframework/expression/Expression done
Event: 2.320 loading class org/springframework/expression/spel/SpelParserConfiguration
Event: 2.320 loading class org/springframework/expression/spel/SpelParserConfiguration done
Event: 2.322 loading class org/springframework/expression/spel/SpelCompilerMode
Event: 2.322 loading class org/springframework/expression/spel/SpelCompilerMode done
Event: 2.323 loading class org/springframework/beans/support/ResourceEditorRegistrar
Event: 2.323 loading class org/springframework/beans/support/ResourceEditorRegistrar done
Event: 2.324 loading class org/springframework/context/support/ApplicationContextAwareProcessor
Event: 2.324 loading class org/springframework/context/support/ApplicationContextAwareProcessor done
Event: 2.325 loading class org/springframework/util/StringValueResolver
Event: 2.325 loading class org/springframework/util/StringValueResolver done
Event: 2.326 loading class org/springframework/beans/factory/config/EmbeddedValueResolver
Event: 2.326 loading class org/springframework/beans/factory/config/EmbeddedValueResolver done


Dynamic libraries:
0x00007ff7f1620000 - 0x00007ff7f162f000 	C:\Program Files\Java\jdk-13.0.2\bin\java.exe
0x00007ffa2c880000 - 0x00007ffa2ca70000 	C:\WINDOWS\SYSTEM32\ntdll.dll
0x00007ffa2af90000 - 0x00007ffa2b042000 	C:\WINDOWS\System32\KERNEL32.DLL
0x00007ffa298b0000 - 0x00007ffa29b54000 	C:\WINDOWS\System32\KERNELBASE.dll
0x00007ffa2a0a0000 - 0x00007ffa2a19a000 	C:\WINDOWS\System32\ucrtbase.dll
0x00007ffa182d0000 - 0x00007ffa182e8000 	C:\Program Files\Java\jdk-13.0.2\bin\jli.dll
0x00007ffa12a40000 - 0x00007ffa12a55000 	C:\Program Files\Java\jdk-13.0.2\bin\VCRUNTIME140.dll
0x00007ffa2ad90000 - 0x00007ffa2ae33000 	C:\WINDOWS\System32\ADVAPI32.dll
0x00007ffa2b200000 - 0x00007ffa2b29e000 	C:\WINDOWS\System32\msvcrt.dll
0x00007ffa2aef0000 - 0x00007ffa2af87000 	C:\WINDOWS\System32\sechost.dll
0x00007ffa2ac70000 - 0x00007ffa2ad90000 	C:\WINDOWS\System32\RPCRT4.dll
0x00007ffa2b900000 - 0x00007ffa2ba94000 	C:\WINDOWS\System32\USER32.dll
0x00007ffa29ce0000 - 0x00007ffa29d01000 	C:\WINDOWS\System32\win32u.dll
0x00007ffa2b460000 - 0x00007ffa2b486000 	C:\WINDOWS\System32\GDI32.dll
0x00007ffa1c980000 - 0x00007ffa1cc04000 	C:\WINDOWS\WinSxS\amd64_microsoft.windows.common-controls_6595b64144ccf1df_6.0.18362.959_none_e6c7bbbf130c62bb\COMCTL32.dll
0x00007ffa2a930000 - 0x00007ffa2ac65000 	C:\WINDOWS\System32\combase.dll
0x00007ffa29eb0000 - 0x00007ffa29f30000 	C:\WINDOWS\System32\bcryptPrimitives.dll
0x00007ffa29d10000 - 0x00007ffa29ea6000 	C:\WINDOWS\System32\gdi32full.dll
0x00007ffa29c40000 - 0x00007ffa29cde000 	C:\WINDOWS\System32\msvcp_win.dll
0x00007ffa1ea50000 - 0x00007ffa1ea5a000 	C:\WINDOWS\SYSTEM32\VERSION.dll
0x00007ffa2c810000 - 0x00007ffa2c83e000 	C:\WINDOWS\System32\IMM32.DLL
0x00007ffa128b0000 - 0x00007ffa1294b000 	C:\Program Files\Java\jdk-13.0.2\bin\msvcp140.dll
0x00007ff9d9990000 - 0x00007ff9da4ed000 	C:\Program Files\Java\jdk-13.0.2\bin\server\jvm.dll
0x00007ffa2b3d0000 - 0x00007ffa2b3d8000 	C:\WINDOWS\System32\PSAPI.DLL
0x00007ffa24d60000 - 0x00007ffa24d84000 	C:\WINDOWS\SYSTEM32\WINMM.dll
0x00007ffa135f0000 - 0x00007ffa135f9000 	C:\WINDOWS\SYSTEM32\WSOCK32.dll
0x00007ffa2c7a0000 - 0x00007ffa2c80f000 	C:\WINDOWS\System32\WS2_32.dll
0x00007ffa24d30000 - 0x00007ffa24d5d000 	C:\WINDOWS\SYSTEM32\winmmbase.dll
0x00007ffa29800000 - 0x00007ffa2984a000 	C:\WINDOWS\System32\cfgmgr32.dll
0x00007ffa297e0000 - 0x00007ffa297f1000 	C:\WINDOWS\System32\kernel.appcore.dll
0x00007ffa24700000 - 0x00007ffa24710000 	C:\Program Files\Java\jdk-13.0.2\bin\verify.dll
0x00007ffa146a0000 - 0x00007ffa14894000 	C:\WINDOWS\SYSTEM32\DBGHELP.DLL
0x00007ffa14670000 - 0x00007ffa1469a000 	C:\WINDOWS\SYSTEM32\dbgcore.DLL
0x00007ffa12880000 - 0x00007ffa128a6000 	C:\Program Files\Java\jdk-13.0.2\bin\java.dll
0x00007ffa08340000 - 0x00007ffa08378000 	C:\Program Files\Java\jdk-13.0.2\bin\jdwp.dll
0x00007ffa12280000 - 0x00007ffa12297000 	C:\Program Files\Java\jdk-13.0.2\bin\zip.dll
0x00007ffa21c20000 - 0x00007ffa21c2a000 	C:\Program Files\Java\jdk-13.0.2\bin\jimage.dll
0x00007ffa2bd30000 - 0x00007ffa2c416000 	C:\WINDOWS\System32\SHELL32.dll
0x00007ffa2b320000 - 0x00007ffa2b3c9000 	C:\WINDOWS\System32\shcore.dll
0x00007ffa2a1a0000 - 0x00007ffa2a922000 	C:\WINDOWS\System32\windows.storage.dll
0x00007ffa29740000 - 0x00007ffa29763000 	C:\WINDOWS\System32\profapi.dll
0x00007ffa29790000 - 0x00007ffa297da000 	C:\WINDOWS\System32\powrprof.dll
0x00007ffa29730000 - 0x00007ffa29740000 	C:\WINDOWS\System32\UMPDC.dll
0x00007ffa2b070000 - 0x00007ffa2b0c2000 	C:\WINDOWS\System32\shlwapi.dll
0x00007ffa29f30000 - 0x00007ffa29f47000 	C:\WINDOWS\System32\cryptsp.dll
0x00007ffa17c90000 - 0x00007ffa17c9b000 	C:\Program Files\Java\jdk-13.0.2\bin\dt_socket.dll
0x00007ffa28fa0000 - 0x00007ffa29007000 	C:\WINDOWS\system32\mswsock.dll
0x00007ffa28d40000 - 0x00007ffa28e0b000 	C:\WINDOWS\SYSTEM32\DNSAPI.dll
0x00007ffa2c4f0000 - 0x00007ffa2c4f8000 	C:\WINDOWS\System32\NSI.dll
0x00007ffa28cb0000 - 0x00007ffa28cea000 	C:\WINDOWS\SYSTEM32\IPHLPAPI.DLL
0x00007ffa1b580000 - 0x00007ffa1b58a000 	C:\Windows\System32\rasadhlp.dll
0x00007ffa1c500000 - 0x00007ffa1c577000 	C:\WINDOWS\System32\fwpuclnt.dll
0x00007ffa29b60000 - 0x00007ffa29b86000 	C:\WINDOWS\System32\bcrypt.dll
0x00007ffa11620000 - 0x00007ffa11639000 	C:\Program Files\Java\jdk-13.0.2\bin\net.dll
0x00007ffa1bfe0000 - 0x00007ffa1c0d0000 	C:\WINDOWS\SYSTEM32\WINHTTP.dll
0x00007ffa10f30000 - 0x00007ffa10f43000 	C:\Program Files\Java\jdk-13.0.2\bin\nio.dll
0x00007ffa25d80000 - 0x00007ffa25d89000 	C:\Program Files\Java\jdk-13.0.2\bin\management.dll
0x00007ffa1fad0000 - 0x00007ffa1fadb000 	C:\Program Files\Java\jdk-13.0.2\bin\management_ext.dll
0x00007ff9ddfa0000 - 0x00007ff9ddfb6000 	C:\WINDOWS\system32\napinsp.dll
0x00007ff9ddf80000 - 0x00007ff9ddf9a000 	C:\WINDOWS\system32\pnrpnsp.dll
0x00007ff9e1100000 - 0x00007ff9e110e000 	C:\WINDOWS\System32\winrnr.dll
0x00007ffa25c80000 - 0x00007ffa25c9c000 	C:\WINDOWS\system32\NLAapi.dll
0x00007ffa24fc0000 - 0x00007ffa24fd5000 	C:\WINDOWS\system32\wshbth.dll

dbghelp: loaded successfully - version: 4.0.5 - missing functions: none
symbol engine: initialized successfully - sym options: 0x614 - pdb path: .;C:\Program Files\Java\jdk-13.0.2\bin;C:\WINDOWS\SYSTEM32;C:\WINDOWS\WinSxS\amd64_microsoft.windows.common-controls_6595b64144ccf1df_6.0.18362.959_none_e6c7bbbf130c62bb;C:\Program Files\Java\jdk-13.0.2\bin\server

VM Arguments:
jvm_args: -agentlib:jdwp=transport=dt_socket,server=n,suspend=y,address=localhost:58530 -Dfile.encoding=UTF-8 
java_command: com.tts.atltravel.DemoApplication
java_class_path (initial): C:\Users\user\WIN\Labs\travel\atl-travel\target\classes;C:\Users\user\.m2\repository\org\springframework\boot\spring-boot-starter-thymeleaf\2.3.2.RELEASE\spring-boot-starter-thymeleaf-2.3.2.RELEASE.jar;C:\Users\user\.m2\repository\org\springframework\boot\spring-boot-starter\2.3.2.RELEASE\spring-boot-starter-2.3.2.RELEASE.jar;C:\Users\user\.m2\repository\org\springframework\boot\spring-boot-starter-logging\2.3.2.RELEASE\spring-boot-starter-logging-2.3.2.RELEASE.jar;C:\Users\user\.m2\repository\ch\qos\logback\logback-classic\1.2.3\logback-classic-1.2.3.jar;C:\Users\user\.m2\repository\ch\qos\logback\logback-core\1.2.3\logback-core-1.2.3.jar;C:\Users\user\.m2\repository\org\apache\logging\log4j\log4j-to-slf4j\2.13.3\log4j-to-slf4j-2.13.3.jar;C:\Users\user\.m2\repository\org\apache\logging\log4j\log4j-api\2.13.3\log4j-api-2.13.3.jar;C:\Users\user\.m2\repository\org\slf4j\jul-to-slf4j\1.7.30\jul-to-slf4j-1.7.30.jar;C:\Users\user\.m2\repository\jakarta\annotation\jakarta.annotation-api\1.3.5\jakarta.annotation-api-1.3.5.jar;C:\Users\user\.m2\repository\org\yaml\snakeyaml\1.26\snakeyaml-1.26.jar;C:\Users\user\.m2\repository\org\thymeleaf\thymeleaf-spring5\3.0.11.RELEASE\thymeleaf-spring5-3.0.11.RELEASE.jar;C:\Users\user\.m2\repository\org\thymeleaf\thymeleaf\3.0.11.RELEASE\thymeleaf-3.0.11.RELEASE.jar;C:\Users\user\.m2\repository\org\attoparser\attoparser\2.0.5.RELEASE\attoparser-2.0.5.RELEASE.jar;C:\Users\user\.m2\repository\org\unbescape\unbescape\1.1.6.RELEASE\unbescape-1.1.6.RELEASE.jar;C:\Users\user\.m2\repository\org\slf4j\slf4j-api\1.7.30\slf4j-api-1.7.30.jar;C:\Users\user\.m2\repository\org\thymeleaf\extras\thymeleaf-extras-java8time\3.0.4.RELEASE\thymeleaf-extras-java8time-3.0.4.RELEASE.jar;C:\Users\user\.m2\repository\org\springframework\boot\spring-boot-starter-web\2.3.2.RELEASE\spring-boot-starter-web-2.3.2.RELEASE.jar;C:\Users\user\.m2\repository\org\springframework\boot\spring-boot-starter-json\2.3.2.RELEASE\spring-boot-starter-j
Launcher Type: SUN_STANDARD

[Global flags]
     intx CICompilerCount                          = 3                                         {product} {ergonomic}
     uint ConcGCThreads                            = 1                                         {product} {ergonomic}
     uint G1ConcRefinementThreads                  = 4                                         {product} {ergonomic}
   size_t G1HeapRegionSize                         = 1048576                                   {product} {ergonomic}
    uintx GCDrainStackTargetSize                   = 64                                        {product} {ergonomic}
   size_t InitialHeapSize                          = 134217728                                 {product} {ergonomic}
   size_t MarkStackSize                            = 4194304                                   {product} {ergonomic}
   size_t MaxHeapSize                              = 2124414976                                {product} {ergonomic}
   size_t MaxNewSize                               = 1274019840                                {product} {ergonomic}
   size_t MinHeapDeltaBytes                        = 1048576                                   {product} {ergonomic}
   size_t MinHeapSize                              = 8388608                                   {product} {ergonomic}
    uintx NonNMethodCodeHeapSize                   = 5832780                                {pd product} {ergonomic}
    uintx NonProfiledCodeHeapSize                  = 122912730                              {pd product} {ergonomic}
    uintx ProfiledCodeHeapSize                     = 122912730                              {pd product} {ergonomic}
    uintx ReservedCodeCacheSize                    = 251658240                              {pd product} {ergonomic}
     bool SegmentedCodeCache                       = true                                      {product} {ergonomic}
   size_t SoftMaxHeapSize                          = 2124414976                             {manageable} {ergonomic}
     bool UseCompressedClassPointers               = true                                 {lp64_product} {ergonomic}
     bool UseCompressedOops                        = true                                 {lp64_product} {ergonomic}
     bool UseG1GC                                  = true                                      {product} {ergonomic}
     bool UseLargePagesIndividualAllocation        = false                                  {pd product} {ergonomic}

Logging:
Log output configuration:
 #0: stdout all=warning uptime,level,tags
 #1: stderr all=off uptime,level,tags

Environment Variables:
JAVA_HOME=C:\Program Files\Java\jdk-13.0.2
PATH=C:\Program Files\Java\jdk-13.0.2\bin;C:\Program Files (x86)\Common Files\Oracle\Java\javapath;C:\ProgramData\Oracle\Java\javapath;C:\WINDOWS\system32;C:\WINDOWS;C:\WINDOWS\System32\Wbem;C:\WINDOWS\System32\WindowsPowerShell\v1.0\;C:\Program Files\Intel\WiFi\bin\;C:\Program Files\Common Files\Intel\WirelessCommon\;C:\Program Files (x86)\Skype\Phone\;C:\WINDOWS\System32\OpenSSH\;C:\Program Files\nodejs\;C:\Users\user\AppData\Local\Microsoft\WindowsApps;C:\Users\user\AppData\Roaming\npm;C:\Users\user\AppData\Local\Programs\Microsoft VS Code\bin;C:\Users\user\Git\cmd
USERNAME=user
OS=Windows_NT
PROCESSOR_IDENTIFIER=Intel64 Family 6 Model 69 Stepping 1, GenuineIntel



---------------  S Y S T E M  ---------------

OS: Windows 10 , 64 bit Build 18362 (10.0.18362.959)

CPU:total 4 (initial active 4) (2 cores per cpu, 2 threads per core) family 6 model 69 stepping 1, cmov, cx8, fxsr, mmx, sse, sse2, sse3, ssse3, sse4.1, sse4.2, popcnt, avx, avx2, aes, clmul, erms, lzcnt, ht, tsc, tscinvbit, bmi1, bmi2, fma

Memory: 4k page, system-wide physical 8097M (1619M free)
TotalPageFile size 10145M (AvailPageFile size 154M)
current process WorkingSet (physical memory assigned to process): 102M, peak: 102M
current process commit charge ("private bytes"): 234M, peak: 234M

vm_info: Java HotSpot(TM) 64-Bit Server VM (13.0.2+8) for windows-amd64 JRE (13.0.2+8), built on Dec 11 2019 09:20:33 by "mach5one" with unknown MS VC++:1916

END.
